#
# There is insufficient memory for the Java Runtime Environment to continue.
# Native memory allocation (mmap) failed to map 268435456 bytes for G1 virtual space
# Possible reasons:
#   The system is out of physical RAM or swap space
#   The process is running with CompressedOops enabled, and the Java Heap may be blocking the growth of the native heap
# Possible solutions:
#   Reduce memory load on the system
#   Increase physical memory or swap space
#   Check if swap backing store is full
#   Decrease Java heap size (-Xmx/-Xms)
#   Decrease number of Java threads
#   Decrease Java thread stack sizes (-Xss)
#   Set larger code cache with -XX:ReservedCodeCacheSize=
#   JVM is running with Zero Based Compressed Oops mode in which the Java heap is
#     placed in the first 32GB address space. The Java Heap base address is the
#     maximum limit for the native heap growth. Please use -XX:HeapBaseMinAddress
#     to set the Java Heap base and to place the Java Heap above 32GB virtual address.
# This output file may be truncated or incomplete.
#
#  Out of Memory Error (os_windows.cpp:3769), pid=5832, tid=16344
#
# JRE version:  (17.0.6) (build )
# Java VM: OpenJDK 64-Bit Server VM (17.0.6+0-b2043.56-10027231, mixed mode, sharing, tiered, compressed oops, compressed class ptrs, g1 gc, windows-amd64)
# No core dump will be written. Minidumps are not enabled by default on client versions of Windows
#

---------------  S U M M A R Y ------------

Command Line: org.jetbrains.kotlin.cli.jvm.K2JVMCompiler @D:\ProgramacionMultimedia\ConsumoApis\app\build\20240130_9125874970769945741.compiler.options

Host: AMD Ryzen 7 1800X Eight-Core Processor         , 16 cores, 15G,  Windows 10 , 64 bit Build 19041 (10.0.19041.3636)
Time: Tue Jan 30 17:58:33 2024 Hora estándar romance elapsed time: 0.008220 seconds (0d 0h 0m 0s)

---------------  T H R E A D  ---------------

Current thread (0x00000206ba5f6330):  JavaThread "Unknown thread" [_thread_in_vm, id=16344, stack(0x0000009ae1100000,0x0000009ae1200000)]

Stack: [0x0000009ae1100000,0x0000009ae1200000]
Native frames: (J=compiled Java code, j=interpreted, Vv=VM code, C=native code)
V  [jvm.dll+0x683c9a]
V  [jvm.dll+0x8427a4]
V  [jvm.dll+0x843f9e]
V  [jvm.dll+0x844603]
V  [jvm.dll+0x249b75]
V  [jvm.dll+0x680b69]
V  [jvm.dll+0x67505a]
V  [jvm.dll+0x309acb]
V  [jvm.dll+0x310f86]
V  [jvm.dll+0x3608ee]
V  [jvm.dll+0x360b1f]
V  [jvm.dll+0x2dfbf8]
V  [jvm.dll+0x2e0b64]
V  [jvm.dll+0x814091]
V  [jvm.dll+0x36e6a1]
V  [jvm.dll+0x7f35cc]
V  [jvm.dll+0x3f0e8f]
V  [jvm.dll+0x3f29d1]
C  [jli.dll+0x526b]
C  [ucrtbase.dll+0x21bb2]
C  [KERNEL32.DLL+0x17344]
C  [ntdll.dll+0x526b1]


---------------  P R O C E S S  ---------------

Threads class SMR info:
_java_thread_list=0x00007ffbd720c058, length=0, elements={
}

Java Threads: ( => current thread )

Other Threads:
  0x00000206ba661810 GCTaskThread "GC Thread#0" [stack: 0x0000009ae1200000,0x0000009ae1300000] [id=5988]
  0x00000206ba672660 ConcurrentGCThread "G1 Main Marker" [stack: 0x0000009ae1300000,0x0000009ae1400000] [id=16544]
  0x00000206ba673070 ConcurrentGCThread "G1 Conc#0" [stack: 0x0000009ae1400000,0x0000009ae1500000] [id=15588]

[error occurred during error reporting (printing all threads), id 0xc0000005, EXCEPTION_ACCESS_VIOLATION (0xc0000005) at pc=0x00007ffbd69c0797]

VM state: not at safepoint (not fully initialized)

VM Mutex/Monitor currently owned by a thread:  ([mutex/lock_event])
[0x00000206ba5f5310] Heap_lock - owner thread: 0x00000206ba5f6330

Heap address: 0x0000000700e00000, size: 4082 MB, Compressed Oops mode: Zero based, Oop shift amount: 3

CDS archive(s) mapped at: [0x0000000000000000-0x0000000000000000-0x0000000000000000), size 0, SharedBaseAddress: 0x0000000800000000, ArchiveRelocationMode: 0.
Narrow klass base: 0x0000000000000000, Narrow klass shift: 0, Narrow klass range: 0x0

GC Precious Log:
<Empty>

Heap:
 garbage-first heap   total 0K, used 0K [0x0000000700e00000, 0x0000000800000000)
  region size 2048K, 0 young (0K), 0 survivors (0K)

[error occurred during error reporting (printing heap information), id 0xc0000005, EXCEPTION_ACCESS_VIOLATION (0xc0000005) at pc=0x00007ffbd6dada89]

GC Heap History (0 events):
No events

Dll operation events (1 events):
Event: 0.005 Loaded shared library D:\android\jbr\bin\java.dll

Deoptimization events (0 events):
No events

Classes unloaded (0 events):
No events

Classes redefined (0 events):
No events

Internal exceptions (0 events):
No events

VM Operations (0 events):
No events

Events (0 events):
No events


Dynamic libraries:
0x00007ff7cf2e0000 - 0x00007ff7cf2ea000 	D:\android\jbr\bin\java.exe
0x00007ffc49450000 - 0x00007ffc49648000 	C:\windows\SYSTEM32\ntdll.dll
0x00007ffc482d0000 - 0x00007ffc4838d000 	C:\windows\System32\KERNEL32.DLL
0x00007ffc46ef0000 - 0x00007ffc471e6000 	C:\windows\System32\KERNELBASE.dll
0x00007ffc46c80000 - 0x00007ffc46d80000 	C:\windows\System32\ucrtbase.dll
0x00007ffc2e1b0000 - 0x00007ffc2e1c7000 	D:\android\jbr\bin\jli.dll
0x00007ffc42550000 - 0x00007ffc4256b000 	D:\android\jbr\bin\VCRUNTIME140.dll
0x00007ffc483a0000 - 0x00007ffc4853e000 	C:\windows\System32\USER32.dll
0x00007ffc46d80000 - 0x00007ffc46da2000 	C:\windows\System32\win32u.dll
0x00007ffc32290000 - 0x00007ffc3252a000 	C:\windows\WinSxS\amd64_microsoft.windows.common-controls_6595b64144ccf1df_6.0.19041.3636_none_60b6a03d71f818d5\COMCTL32.dll
0x00007ffc47dd0000 - 0x00007ffc47dfc000 	C:\windows\System32\GDI32.dll
0x00007ffc49120000 - 0x00007ffc491be000 	C:\windows\System32\msvcrt.dll
0x00007ffc47380000 - 0x00007ffc4749a000 	C:\windows\System32\gdi32full.dll
0x00007ffc46e50000 - 0x00007ffc46eed000 	C:\windows\System32\msvcp_win.dll
0x00007ffc491c0000 - 0x00007ffc491f0000 	C:\windows\System32\IMM32.DLL
0x00007ffc41fb0000 - 0x00007ffc41fbc000 	D:\android\jbr\bin\vcruntime140_1.dll
0x00007ffc3b030000 - 0x00007ffc3b0bd000 	D:\android\jbr\bin\msvcp140.dll
0x00007ffbd66d0000 - 0x00007ffbd733e000 	D:\android\jbr\bin\server\jvm.dll
0x00007ffc48210000 - 0x00007ffc482c3000 	C:\windows\System32\ADVAPI32.dll
0x00007ffc475e0000 - 0x00007ffc4767f000 	C:\windows\System32\sechost.dll
0x00007ffc480e0000 - 0x00007ffc48206000 	C:\windows\System32\RPCRT4.dll
0x00007ffc46e20000 - 0x00007ffc46e47000 	C:\windows\System32\bcrypt.dll
0x00007ffc34b60000 - 0x00007ffc34b69000 	C:\windows\SYSTEM32\WSOCK32.dll
0x00007ffc40cb0000 - 0x00007ffc40cba000 	C:\windows\SYSTEM32\VERSION.dll
0x00007ffc3dbf0000 - 0x00007ffc3dc17000 	C:\windows\SYSTEM32\WINMM.dll
0x00007ffc490b0000 - 0x00007ffc4911b000 	C:\windows\System32\WS2_32.dll
0x00007ffc449f0000 - 0x00007ffc44a02000 	C:\windows\SYSTEM32\kernel.appcore.dll
0x00007ffc427e0000 - 0x00007ffc427ea000 	D:\android\jbr\bin\jimage.dll
0x00007ffc30540000 - 0x00007ffc30724000 	C:\windows\SYSTEM32\DBGHELP.DLL
0x00007ffc32aa0000 - 0x00007ffc32ad4000 	C:\windows\SYSTEM32\dbgcore.DLL
0x00007ffc472a0000 - 0x00007ffc47322000 	C:\windows\System32\bcryptPrimitives.dll
0x00007ffc310e0000 - 0x00007ffc31105000 	D:\android\jbr\bin\java.dll

dbghelp: loaded successfully - version: 4.0.5 - missing functions: none
symbol engine: initialized successfully - sym options: 0x614 - pdb path: .;D:\android\jbr\bin;C:\windows\SYSTEM32;C:\windows\WinSxS\amd64_microsoft.windows.common-controls_6595b64144ccf1df_6.0.19041.3636_none_60b6a03d71f818d5;D:\android\jbr\bin\server

VM Arguments:
java_command: org.jetbrains.kotlin.cli.jvm.K2JVMCompiler @D:\ProgramacionMultimedia\ConsumoApis\app\build\20240130_9125874970769945741.compiler.options
java_class_path (initial): C:\Users\Alumno\.gradle\caches\modules-2\files-2.1\org.jetbrains.kotlin\kotlin-compiler-embeddable\1.9.0\2c8c3a7402becca891f12739b3e9fd2dc2adbd7a\kotlin-compiler-embeddable-1.9.0.jar;C:\Users\Alumno\.gradle\caches\modules-2\files-2.1\org.jetbrains.kotlin\kotlin-stdlib\1.9.0\8ee15ef0c67dc83d874f412d84378d7f0eb50b63\kotlin-stdlib-1.9.0.jar;C:\Users\Alumno\.gradle\caches\modules-2\files-2.1\org.jetbrains.kotlin\kotlin-script-runtime\1.9.0\4b3102cbbb7e1b58d9d1adf89563f00069ffa7d1\kotlin-script-runtime-1.9.0.jar;C:\Users\Alumno\.gradle\caches\modules-2\files-2.1\org.jetbrains.kotlin\kotlin-reflect\1.6.10\1cbe9c92c12a94eea200d23c2bbaedaf3daf5132\kotlin-reflect-1.6.10.jar;C:\Users\Alumno\.gradle\caches\modules-2\files-2.1\org.jetbrains.kotlin\kotlin-daemon-embeddable\1.9.0\186543f5e28cf8d9a0290fecc2cf34301c40a65c\kotlin-daemon-embeddable-1.9.0.jar;C:\Users\Alumno\.gradle\caches\modules-2\files-2.1\org.jetbrains.intellij.deps\trove4j\1.0.20200330\3afb14d5f9ceb459d724e907a21145e8ff394f02\trove4j-1.0.20200330.jar;C:\Users\Alumno\.gradle\caches\modules-2\files-2.1\org.jetbrains.kotlin\kotlin-stdlib-common\1.9.0\cd65c21cfd1eec4d44ef09f9f52b6d9f8a720636\kotlin-stdlib-common-1.9.0.jar;C:\Users\Alumno\.gradle\caches\modules-2\files-2.1\org.jetbrains\annotations\13.0\919f0dfe192fb4e063e7dacadee7f8bb9a2672a9\annotations-13.0.jar
Launcher Type: SUN_STANDARD

[Global flags]
     intx CICompilerCount                          = 12                                        {product} {ergonomic}
     uint ConcGCThreads                            = 3                                         {product} {ergonomic}
     uint G1ConcRefinementThreads                  = 13                                        {product} {ergonomic}
   size_t G1HeapRegionSize                         = 2097152                                   {product} {ergonomic}
    uintx GCDrainStackTargetSize                   = 64                                        {product} {ergonomic}
   size_t InitialHeapSize                          = 268435456                                 {product} {ergonomic}
   size_t MarkStackSize                            = 4194304                                   {product} {ergonomic}
   size_t MaxHeapSize                              = 4280287232                                {product} {ergonomic}
   size_t MinHeapDeltaBytes                        = 2097152                                   {product} {ergonomic}
   size_t MinHeapSize                              = 8388608                                   {product} {ergonomic}
    uintx NonNMethodCodeHeapSize                   = 7602480                                {pd product} {ergonomic}
    uintx NonProfiledCodeHeapSize                  = 122027880                              {pd product} {ergonomic}
    uintx ProfiledCodeHeapSize                     = 122027880                              {pd product} {ergonomic}
    uintx ReservedCodeCacheSize                    = 251658240                              {pd product} {ergonomic}
     bool SegmentedCodeCache                       = true                                      {product} {ergonomic}
   size_t SoftMaxHeapSize                          = 4280287232                             {manageable} {ergonomic}
     bool UseCompressedClassPointers               = true                           {product lp64_product} {ergonomic}
     bool UseCompressedOops                        = true                           {product lp64_product} {ergonomic}
     bool UseG1GC                                  = true                                      {product} {ergonomic}
     bool UseLargePagesIndividualAllocation        = false                                  {pd product} {ergonomic}

Logging:
Log output configuration:
 #0: stdout all=warning uptime,level,tags
 #1: stderr all=off uptime,level,tags

Environment Variables:
PATH=C:\Program Files\Common Files\Oracle\Java\javapath;C:\windows\system32;C:\windows;C:\windows\System32\Wbem;C:\windows\System32\WindowsPowerShell\v1.0\;C:\windows\System32\OpenSSH\;C:\Program Files\dotnet\;D:\Git\cmd;C:\Program Files\Microsoft SQL Server\150\Tools\Binn\;C:\Program Files\Microsoft SQL Server\Client SDK\ODBC\170\Tools\Binn\;C:\Users\Alumno\.cargo\bin;C:\Users\Alumno\AppData\Local\Microsoft\WindowsApps;;C:\Users\Alumno\AppData\Local\Programs\Microsoft VS Code\bin;C:\Users\Alumno\.dotnet\tools
USERNAME=Alumno
OS=Windows_NT
PROCESSOR_IDENTIFIER=AMD64 Family 23 Model 1 Stepping 1, AuthenticAMD
TMP=C:\Users\Alumno\AppData\Local\Temp
TEMP=C:\Users\Alumno\AppData\Local\Temp


JNI global refs:

[error occurred during error reporting (JNI global references), id 0xc0000005, EXCEPTION_ACCESS_VIOLATION (0xc0000005) at pc=0x00007ffbd6787a10]


---------------  S Y S T E M  ---------------

OS:
 Windows 10 , 64 bit Build 19041 (10.0.19041.3636)
OS uptime: 0 days 2:26 hours

CPU: total 16 (initial active 16) (16 cores per cpu, 2 threads per core) family 23 model 1 stepping 1 microcode 0x0, cx8, cmov, fxsr, ht, mmx, 3dnowpref, sse, sse2, sse3, ssse3, sse4a, sse4.1, sse4.2, popcnt, lzcnt, tsc, tscinvbit, avx, avx2, aes, clmul, bmi1, bmi2, adx, sha, fma, vzeroupper, clflush, clflushopt

Memory: 4k page, system-wide physical 16320M (3143M free)
TotalPageFile size 16576M (AvailPageFile size 189M)
current process WorkingSet (physical memory assigned to process): 10M, peak: 10M
current process commit charge ("private bytes"): 70M, peak: 326M

vm_info: OpenJDK 64-Bit Server VM (17.0.6+0-b2043.56-10027231) for windows-amd64 JRE (17.0.6+0-b2043.56-10027231), built on Apr 28 2023 00:43:19 by "androidbuild" with MS VC++ 16.10 / 16.11 (VS2019)

END.
